2025-07-27 17:00:37,557 - INFO - main - Health check endpoint hit.
2025-07-27 17:00:41,003 - INFO - main - Health check endpoint hit.
2025-07-27 17:01:45,089 - INFO - api.upload - File saved locally at uploads\20250727170145_image-00000.dcm
2025-07-27 17:01:45,089 - INFO - services.orthanc_client - Sending DICOM file to Orthanc: uploads\20250727170145_image-00000.dcm
2025-07-27 17:01:45,157 - INFO - services.orthanc_client - Orthanc returned instance ID: 6e812090-6c95fbbe-c82f3b75-da2fff30-bff9f8f4
2025-07-27 17:01:45,159 - INFO - api.upload - File uploaded to Orthanc. Instance ID: 6e812090-6c95fbbe-c82f3b75-da2fff30-bff9f8f4
2025-07-27 17:01:45,159 - INFO - services.orthanc_client - Fetching tags for instance ID: 6e812090-6c95fbbe-c82f3b75-da2fff30-bff9f8f4
2025-07-27 17:01:45,171 - INFO - services.orthanc_client - Fetched tags for instance 6e812090-6c95fbbe-c82f3b75-da2fff30-bff9f8f4 from Orthanc
2025-07-27 17:01:45,171 - INFO - api.upload - Retrieved tags from Orthanc for instance 6e812090-6c95fbbe-c82f3b75-da2fff30-bff9f8f4
2025-07-27 17:01:45,171 - INFO - api.upload - Extracted Patient ID: 0, Study Date: Unknown
2025-07-27 17:01:45,184 - ERROR - api.upload - Upload failed: (sqlite3.IntegrityError) UNIQUE constraint failed: studies.instance_id
[SQL: INSERT INTO studies (instance_id, patient_id, study_date, file_path, uploaded_at) VALUES (?, ?, ?, ?, ?)]
[parameters: ('6e812090-6c95fbbe-c82f3b75-da2fff30-bff9f8f4', '0', 'Unknown', 'uploads\\20250727170145_image-00000.dcm', '2025-07-27 21:01:45.180945')]
(Background on this error at: https://sqlalche.me/e/20/gkpj)
2025-07-27 17:56:43,239 - INFO - api.upload - File saved locally at uploads\20250727175643_image-00000.dcm
2025-07-27 17:56:43,241 - INFO - services.orthanc_client - Sending DICOM file to Orthanc: uploads\20250727175643_image-00000.dcm
2025-07-27 17:56:43,361 - INFO - services.orthanc_client - Orthanc returned instance ID: 6e812090-6c95fbbe-c82f3b75-da2fff30-bff9f8f4
2025-07-27 17:56:43,361 - INFO - api.upload - File uploaded to Orthanc. Instance ID: 6e812090-6c95fbbe-c82f3b75-da2fff30-bff9f8f4
2025-07-27 17:56:43,361 - INFO - services.orthanc_client - Fetching tags for instance ID: 6e812090-6c95fbbe-c82f3b75-da2fff30-bff9f8f4
2025-07-27 17:56:43,375 - INFO - services.orthanc_client - Fetched tags for instance 6e812090-6c95fbbe-c82f3b75-da2fff30-bff9f8f4 from Orthanc
2025-07-27 17:56:43,376 - INFO - api.upload - Retrieved tags from Orthanc for instance 6e812090-6c95fbbe-c82f3b75-da2fff30-bff9f8f4
2025-07-27 17:56:43,376 - INFO - api.upload - Extracted Patient ID: 0, Study Date: Unknown
2025-07-27 17:56:43,405 - INFO - api.upload - Study saved to database. Instance ID: 6e812090-6c95fbbe-c82f3b75-da2fff30-bff9f8f4
2025-07-27 17:56:43,406 - INFO - api.upload - Temporary file uploads\20250727175643_image-00000.dcm deleted
2025-07-27 18:59:25,456 - INFO - api.upload - File saved locally at uploads\20250727185925_image-00000.dcm
2025-07-27 18:59:25,457 - INFO - services.orthanc_client - Sending DICOM file to Orthanc: uploads\20250727185925_image-00000.dcm
2025-07-27 18:59:25,510 - INFO - services.orthanc_client - Orthanc returned instance ID: 6e812090-6c95fbbe-c82f3b75-da2fff30-bff9f8f4
2025-07-27 18:59:25,512 - INFO - api.upload - File uploaded to Orthanc. Instance ID: 6e812090-6c95fbbe-c82f3b75-da2fff30-bff9f8f4
2025-07-27 18:59:25,512 - INFO - services.orthanc_client - Fetching tags for instance ID: 6e812090-6c95fbbe-c82f3b75-da2fff30-bff9f8f4
2025-07-27 18:59:25,523 - INFO - services.orthanc_client - Fetched tags for instance 6e812090-6c95fbbe-c82f3b75-da2fff30-bff9f8f4 from Orthanc
2025-07-27 18:59:25,523 - INFO - api.upload - Retrieved tags from Orthanc for instance 6e812090-6c95fbbe-c82f3b75-da2fff30-bff9f8f4
2025-07-27 18:59:25,525 - INFO - api.upload - Extracted Patient ID: 0, Study Date: Unknown
2025-07-27 18:59:25,540 - INFO - api.upload - Study saved to database. Instance ID: 6e812090-6c95fbbe-c82f3b75-da2fff30-bff9f8f4
2025-08-09 18:19:28,384 - INFO - api.upload - File saved locally at uploads/20250809181928_image-00000.dcm
2025-08-09 18:19:28,385 - INFO - services.orthanc_client - Sending DICOM file to Orthanc: uploads/20250809181928_image-00000.dcm
2025-08-09 18:19:28,515 - INFO - services.orthanc_client - Orthanc returned instance ID: 6e812090-6c95fbbe-c82f3b75-da2fff30-bff9f8f4
2025-08-09 18:19:28,516 - INFO - api.upload - File uploaded to Orthanc. Instance ID: 6e812090-6c95fbbe-c82f3b75-da2fff30-bff9f8f4
2025-08-09 18:19:28,516 - INFO - services.orthanc_client - Fetching tags for instance ID: 6e812090-6c95fbbe-c82f3b75-da2fff30-bff9f8f4
2025-08-09 18:19:28,524 - INFO - services.orthanc_client - Fetched tags for instance 6e812090-6c95fbbe-c82f3b75-da2fff30-bff9f8f4 from Orthanc
2025-08-09 18:19:28,524 - INFO - api.upload - Retrieved tags from Orthanc for instance 6e812090-6c95fbbe-c82f3b75-da2fff30-bff9f8f4
2025-08-09 18:19:28,524 - INFO - api.upload - Extracted Patient ID: 0, Study Date: ['Unknown']
2025-08-09 18:19:28,561 - ERROR - api.upload - Upload failed: (sqlite3.OperationalError) no such column: studies.study_uid
[SQL: SELECT studies.id AS studies_id, studies.instance_id AS studies_instance_id, studies.patient_id AS studies_patient_id, studies.study_uid AS studies_study_uid, studies.study_date AS studies_study_date, studies.file_path AS studies_file_path, studies.uploaded_at AS studies_uploaded_at 
FROM studies 
WHERE studies.instance_id = ?
 LIMIT ? OFFSET ?]
[parameters: ('6e812090-6c95fbbe-c82f3b75-da2fff30-bff9f8f4', 1, 0)]
(Background on this error at: https://sqlalche.me/e/20/e3q8)
2025-08-09 18:28:13,450 - INFO - api.upload - File saved locally at uploads/20250809182813_0020.DCM
2025-08-09 18:28:13,461 - INFO - services.orthanc_client - Sending DICOM file to Orthanc: uploads/20250809182813_0020.DCM
2025-08-09 18:28:13,502 - INFO - services.orthanc_client - Orthanc returned instance ID: 1a430a89-16db2731-8ef19e46-c238c4d3-709cb35d
2025-08-09 18:28:13,503 - INFO - api.upload - File uploaded to Orthanc. Instance ID: 1a430a89-16db2731-8ef19e46-c238c4d3-709cb35d
2025-08-09 18:28:13,503 - INFO - services.orthanc_client - Fetching tags for instance ID: 1a430a89-16db2731-8ef19e46-c238c4d3-709cb35d
2025-08-09 18:28:13,512 - INFO - services.orthanc_client - Fetched tags for instance 1a430a89-16db2731-8ef19e46-c238c4d3-709cb35d from Orthanc
2025-08-09 18:28:13,512 - INFO - api.upload - Retrieved tags from Orthanc for instance 1a430a89-16db2731-8ef19e46-c238c4d3-709cb35d
2025-08-09 18:28:13,513 - INFO - api.upload - Extracted Patient ID: 123-45-6789, Study Date: 19940323
2025-08-09 18:28:13,542 - ERROR - api.upload - Upload failed: (sqlite3.OperationalError) no such column: studies.study_uid
[SQL: SELECT studies.id AS studies_id, studies.instance_id AS studies_instance_id, studies.patient_id AS studies_patient_id, studies.study_uid AS studies_study_uid, studies.study_date AS studies_study_date, studies.file_path AS studies_file_path, studies.uploaded_at AS studies_uploaded_at 
FROM studies 
WHERE studies.instance_id = ?
 LIMIT ? OFFSET ?]
[parameters: ('1a430a89-16db2731-8ef19e46-c238c4d3-709cb35d', 1, 0)]
(Background on this error at: https://sqlalche.me/e/20/e3q8)
2025-08-09 18:47:05,130 - INFO - api.upload - File saved locally at uploads/20250809184705_0020.DCM
2025-08-09 18:47:05,137 - INFO - services.orthanc_client - Sending DICOM file to Orthanc: uploads/20250809184705_0020.DCM
2025-08-09 18:47:05,208 - INFO - services.orthanc_client - Orthanc returned instance ID: 1a430a89-16db2731-8ef19e46-c238c4d3-709cb35d
2025-08-09 18:47:05,208 - INFO - api.upload - File uploaded to Orthanc. Instance ID: 1a430a89-16db2731-8ef19e46-c238c4d3-709cb35d
2025-08-09 18:47:05,209 - INFO - services.orthanc_client - Fetching tags for instance ID: 1a430a89-16db2731-8ef19e46-c238c4d3-709cb35d
2025-08-09 18:47:05,218 - INFO - services.orthanc_client - Fetched tags for instance 1a430a89-16db2731-8ef19e46-c238c4d3-709cb35d from Orthanc
2025-08-09 18:47:05,218 - INFO - api.upload - Retrieved tags from Orthanc for instance 1a430a89-16db2731-8ef19e46-c238c4d3-709cb35d
2025-08-09 18:47:05,218 - INFO - api.upload - Extracted Patient ID: 123-45-6789, Study Date: 19940323
2025-08-09 18:47:05,239 - INFO - api.upload - Study saved to database. Instance ID: 1a430a89-16db2731-8ef19e46-c238c4d3-709cb35d
2025-08-12 16:47:28,789 - INFO - api.upload - File saved locally at uploads/20250812164728_0020.DCM
2025-08-12 16:47:28,799 - INFO - services.orthanc_client - Sending DICOM file to Orthanc: uploads/20250812164728_0020.DCM
2025-08-12 16:47:29,117 - INFO - services.orthanc_client - Orthanc returned instance ID: 1a430a89-16db2731-8ef19e46-c238c4d3-709cb35d
2025-08-12 16:47:29,118 - INFO - api.upload - File uploaded to Orthanc. Instance ID: 1a430a89-16db2731-8ef19e46-c238c4d3-709cb35d
2025-08-12 16:47:29,118 - INFO - services.orthanc_client - Fetching tags for instance ID: 1a430a89-16db2731-8ef19e46-c238c4d3-709cb35d
2025-08-12 16:47:29,142 - INFO - services.orthanc_client - Fetched tags for instance 1a430a89-16db2731-8ef19e46-c238c4d3-709cb35d from Orthanc
2025-08-12 16:47:29,142 - INFO - api.upload - Retrieved tags from Orthanc for instance 1a430a89-16db2731-8ef19e46-c238c4d3-709cb35d
2025-08-12 16:47:29,142 - INFO - api.upload - Extracted Patient ID: 123-45-6789, Study Date: 19940323
2025-08-12 16:47:29,296 - WARNING - api.upload - Duplicate instance ID found: 1a430a89-16db2731-8ef19e46-c238c4d3-709cb35d. Skipping insert.
2025-08-12 16:49:34,877 - INFO - main - Health check endpoint hit.
2025-08-12 17:12:26,738 - INFO - api.upload - File saved locally at uploads/20250812171226_0020.DCM
2025-08-12 17:12:26,745 - INFO - services.orthanc_client - Sending DICOM file to Orthanc: uploads/20250812171226_0020.DCM
2025-08-12 17:12:26,796 - INFO - services.orthanc_client - Orthanc returned instance ID: 1a430a89-16db2731-8ef19e46-c238c4d3-709cb35d
2025-08-12 17:12:26,796 - INFO - api.upload - File uploaded to Orthanc. Instance ID: 1a430a89-16db2731-8ef19e46-c238c4d3-709cb35d
2025-08-12 17:12:26,797 - INFO - services.orthanc_client - Fetching tags for instance ID: 1a430a89-16db2731-8ef19e46-c238c4d3-709cb35d
2025-08-12 17:12:26,805 - INFO - services.orthanc_client - Fetched tags for instance 1a430a89-16db2731-8ef19e46-c238c4d3-709cb35d from Orthanc
2025-08-12 17:12:26,806 - INFO - api.upload - Retrieved tags from Orthanc for instance 1a430a89-16db2731-8ef19e46-c238c4d3-709cb35d
2025-08-12 17:12:26,806 - INFO - api.upload - Extracted Patient ID: 123-45-6789, Study Date: 19940323
2025-08-12 17:12:26,826 - WARNING - api.upload - Duplicate instance ID found: 1a430a89-16db2731-8ef19e46-c238c4d3-709cb35d. Skipping insert.
2025-08-14 23:23:52,491 - INFO - api.upload - File saved locally at uploads\20250814232352_1-25.dcm
2025-08-14 23:23:52,492 - INFO - services.orthanc_client - Sending DICOM file to Orthanc: uploads\20250814232352_1-25.dcm
2025-08-14 23:23:52,571 - INFO - services.orthanc_client - Orthanc returned instance ID: a961be9d-f43838d5-bac03c63-53b587d9-deb8af69
2025-08-14 23:23:52,572 - INFO - api.upload - File uploaded to Orthanc. Instance ID: a961be9d-f43838d5-bac03c63-53b587d9-deb8af69
2025-08-14 23:23:52,572 - INFO - services.orthanc_client - Fetching tags for instance ID: a961be9d-f43838d5-bac03c63-53b587d9-deb8af69
2025-08-14 23:23:52,593 - INFO - services.orthanc_client - Fetched tags for instance a961be9d-f43838d5-bac03c63-53b587d9-deb8af69 from Orthanc
2025-08-14 23:23:52,597 - INFO - api.upload - Retrieved tags from Orthanc for instance a961be9d-f43838d5-bac03c63-53b587d9-deb8af69
2025-08-14 23:23:52,597 - INFO - api.upload - Extracted Patient ID: QIN-BREAST-02-0001, Study Date: 20030503
2025-08-14 23:23:52,655 - INFO - api.upload - Study saved to database. Instance ID: a961be9d-f43838d5-bac03c63-53b587d9-deb8af69
2025-08-14 23:33:09,980 - INFO - api.upload - File saved locally at uploads\20250814233309_0020.DCM
2025-08-14 23:33:09,981 - INFO - services.orthanc_client - Sending DICOM file to Orthanc: uploads\20250814233309_0020.DCM
2025-08-14 23:33:10,028 - INFO - services.orthanc_client - Orthanc returned instance ID: 1a430a89-16db2731-8ef19e46-c238c4d3-709cb35d
2025-08-14 23:33:10,029 - INFO - api.upload - File uploaded to Orthanc. Instance ID: 1a430a89-16db2731-8ef19e46-c238c4d3-709cb35d
2025-08-14 23:33:10,030 - INFO - services.orthanc_client - Fetching tags for instance ID: 1a430a89-16db2731-8ef19e46-c238c4d3-709cb35d
2025-08-14 23:33:10,040 - INFO - services.orthanc_client - Fetched tags for instance 1a430a89-16db2731-8ef19e46-c238c4d3-709cb35d from Orthanc
2025-08-14 23:33:10,041 - INFO - api.upload - Retrieved tags from Orthanc for instance 1a430a89-16db2731-8ef19e46-c238c4d3-709cb35d
2025-08-14 23:33:10,042 - INFO - api.upload - Extracted Patient ID: 123-45-6789, Study Date: 19940323
2025-08-14 23:33:10,045 - WARNING - api.upload - Duplicate instance ID found: 1a430a89-16db2731-8ef19e46-c238c4d3-709cb35d. Skipping insert.
2025-08-14 23:49:56,892 - INFO - api.upload - File saved locally at uploads\20250814234956_0020.DCM
2025-08-14 23:49:56,893 - INFO - services.orthanc_client - Sending DICOM file to Orthanc: uploads\20250814234956_0020.DCM
2025-08-14 23:49:56,956 - INFO - services.orthanc_client - Orthanc returned instance ID: 1a430a89-16db2731-8ef19e46-c238c4d3-709cb35d
2025-08-14 23:49:56,958 - INFO - api.upload - File uploaded to Orthanc. Instance ID: 1a430a89-16db2731-8ef19e46-c238c4d3-709cb35d
2025-08-14 23:49:56,959 - INFO - services.orthanc_client - Fetching tags for instance ID: 1a430a89-16db2731-8ef19e46-c238c4d3-709cb35d
2025-08-14 23:49:56,972 - INFO - services.orthanc_client - Fetched tags for instance 1a430a89-16db2731-8ef19e46-c238c4d3-709cb35d from Orthanc
2025-08-14 23:49:56,973 - INFO - api.upload - Retrieved tags from Orthanc for instance 1a430a89-16db2731-8ef19e46-c238c4d3-709cb35d
2025-08-14 23:49:56,974 - INFO - api.upload - Extracted Patient ID: 123-45-6789, Study Date: 19940323
2025-08-14 23:49:56,992 - WARNING - api.upload - Duplicate instance ID found: 1a430a89-16db2731-8ef19e46-c238c4d3-709cb35d. Skipping insert.
2025-08-15 00:35:30,201 - INFO - api.upload - File saved locally at uploads\20250815003530_0020.DCM
2025-08-15 00:35:30,202 - INFO - services.orthanc_client - Sending DICOM file to Orthanc: uploads\20250815003530_0020.DCM
2025-08-15 00:35:30,320 - INFO - services.orthanc_client - Orthanc returned instance ID: 1a430a89-16db2731-8ef19e46-c238c4d3-709cb35d
2025-08-15 00:35:30,321 - INFO - api.upload - File uploaded to Orthanc. Instance ID: 1a430a89-16db2731-8ef19e46-c238c4d3-709cb35d
2025-08-15 00:35:30,322 - INFO - services.orthanc_client - Fetching tags for instance ID: 1a430a89-16db2731-8ef19e46-c238c4d3-709cb35d
2025-08-15 00:35:30,344 - INFO - services.orthanc_client - Fetched tags for instance 1a430a89-16db2731-8ef19e46-c238c4d3-709cb35d from Orthanc
2025-08-15 00:35:30,346 - INFO - api.upload - Retrieved tags from Orthanc for instance 1a430a89-16db2731-8ef19e46-c238c4d3-709cb35d
2025-08-15 00:35:30,347 - INFO - api.upload - Extracted Patient ID: 123-45-6789, Study Date: 19940323
2025-08-15 00:35:30,369 - WARNING - api.upload - Duplicate instance ID found: 1a430a89-16db2731-8ef19e46-c238c4d3-709cb35d. Skipping insert.
2025-08-15 00:35:30,420 - INFO - api.infer - [EF] infer_ef called with instance_id=None study_uid=999.999.3859744
2025-08-15 00:35:30,421 - INFO - api.infer - [EF] Resolving Orthanc study for StudyInstanceUID=999.999.3859744
2025-08-15 00:35:30,497 - INFO - api.infer - [EF] Found 1 instance(s) in the study
2025-08-15 00:35:30,498 - INFO - api.infer - [EF] Using instance_id=1a430a89-16db2731-8ef19e46-c238c4d3-709cb35d from study
2025-08-15 00:35:30,500 - INFO - api.infer - [EF] Picking frames from instance 1a430a89-16db2731-8ef19e46-c238c4d3-709cb35d
2025-08-15 00:35:30,518 - INFO - api.infer - [EF] Instance has 1 frame(s)
2025-08-15 00:35:31,430 - INFO - api.infer - [EF] Collected 16 frame(s)
2025-08-15 00:35:31,431 - INFO - api.infer - [EF] Stacking frames into tensor and ImageNet-normalizing
2025-08-15 00:35:31,583 - INFO - api.infer - [EF] Tensor shape: (1, 3, 16, 224, 224) dtype=torch.float64
2025-08-15 00:49:33,363 - INFO - api.upload - File saved locally at uploads\20250815004933_0020.DCM
2025-08-15 00:49:33,363 - INFO - services.orthanc_client - Sending DICOM file to Orthanc: uploads\20250815004933_0020.DCM
2025-08-15 00:49:33,442 - INFO - services.orthanc_client - Orthanc returned instance ID: 1a430a89-16db2731-8ef19e46-c238c4d3-709cb35d
2025-08-15 00:49:33,443 - INFO - api.upload - File uploaded to Orthanc. Instance ID: 1a430a89-16db2731-8ef19e46-c238c4d3-709cb35d
2025-08-15 00:49:33,445 - INFO - services.orthanc_client - Fetching tags for instance ID: 1a430a89-16db2731-8ef19e46-c238c4d3-709cb35d
2025-08-15 00:49:33,459 - INFO - services.orthanc_client - Fetched tags for instance 1a430a89-16db2731-8ef19e46-c238c4d3-709cb35d from Orthanc
2025-08-15 00:49:33,461 - INFO - api.upload - Retrieved tags from Orthanc for instance 1a430a89-16db2731-8ef19e46-c238c4d3-709cb35d
2025-08-15 00:49:33,461 - INFO - api.upload - Extracted Patient ID: 123-45-6789, Study Date: 19940323
2025-08-15 00:49:33,478 - WARNING - api.upload - Duplicate instance ID found: 1a430a89-16db2731-8ef19e46-c238c4d3-709cb35d. Skipping insert.
2025-08-15 00:49:33,511 - INFO - api.infer - [EF] infer_ef called with instance_id=None study_uid=999.999.3859744
2025-08-15 00:49:33,513 - INFO - api.infer - [EF] Resolving Orthanc study for StudyInstanceUID=999.999.3859744
2025-08-15 00:49:33,571 - INFO - api.infer - [EF] Found 1 instance(s) in the study
2025-08-15 00:49:33,572 - INFO - api.infer - [EF] Using instance_id=1a430a89-16db2731-8ef19e46-c238c4d3-709cb35d from study
2025-08-15 00:49:33,574 - INFO - api.infer - [EF] Picking frames from instance 1a430a89-16db2731-8ef19e46-c238c4d3-709cb35d
2025-08-15 00:49:33,591 - INFO - api.infer - [EF] Instance has 1 frame(s)
2025-08-15 00:49:34,448 - INFO - api.infer - [EF] Collected 16 frame(s)
2025-08-15 00:49:34,449 - INFO - api.infer - [EF] Stacking frames into tensor and ImageNet-normalizing
2025-08-15 00:49:34,521 - INFO - api.infer - [EF] Tensor shape: (1, 3, 16, 224, 224) dtype=torch.float32
2025-08-15 00:49:34,522 - INFO - api.infer - [EF] Loading PanEcho model on device: cpu
2025-08-15 00:49:35,263 - ERROR - api.infer - [EF] Failed to load PanEcho via torch.hub: No module named 'pandas'
2025-08-15 00:49:35,264 - ERROR - api.infer - [EF] EF inference failed: ModuleNotFoundError: No module named 'pandas'
Traceback (most recent call last):
  File "C:\Users\neuma\OneDrive\Documents\GitHub\Echocardiology_App\backend\api\infer.py", line 121, in infer_ef
    model, device = get_model_and_device()
                    ^^^^^^^^^^^^^^^^^^^^^^
  File "C:\Users\neuma\OneDrive\Documents\GitHub\Echocardiology_App\backend\api\infer.py", line 90, in get_model_and_device
    _model = torch.hub.load(
             ^^^^^^^^^^^^^^^
  File "C:\Users\neuma\OneDrive\Documents\GitHub\Echocardiology_App\backend\venv\Lib\site-packages\torch\hub.py", line 647, in load
    model = _load_local(repo_or_dir, model, *args, **kwargs)
            ^^^^^^^^^^^^^^^^^^^^^^^^^^^^^^^^^^^^^^^^^^^^^^^^
  File "C:\Users\neuma\OneDrive\Documents\GitHub\Echocardiology_App\backend\venv\Lib\site-packages\torch\hub.py", line 677, in _load_local
    hub_module = _import_module(MODULE_HUBCONF, hubconf_path)
                 ^^^^^^^^^^^^^^^^^^^^^^^^^^^^^^^^^^^^^^^^^^^^
  File "C:\Users\neuma\OneDrive\Documents\GitHub\Echocardiology_App\backend\venv\Lib\site-packages\torch\hub.py", line 115, in _import_module
    spec.loader.exec_module(module)
  File "<frozen importlib._bootstrap_external>", line 940, in exec_module
  File "<frozen importlib._bootstrap>", line 241, in _call_with_frames_removed
  File "C:\Users\neuma/.cache\torch\hub\CarDS-Yale_PanEcho_main\hubconf.py", line 4, in <module>
    import pandas as pd
ModuleNotFoundError: No module named 'pandas'
2025-08-15 02:04:42,399 - INFO - api.upload - File saved locally at uploads\20250815020442_0020.DCM
2025-08-15 02:04:42,400 - INFO - services.orthanc_client - Sending DICOM file to Orthanc: uploads\20250815020442_0020.DCM
2025-08-15 02:04:42,460 - INFO - services.orthanc_client - Orthanc returned instance ID: 1a430a89-16db2731-8ef19e46-c238c4d3-709cb35d
2025-08-15 02:04:42,461 - INFO - api.upload - File uploaded to Orthanc. Instance ID: 1a430a89-16db2731-8ef19e46-c238c4d3-709cb35d
2025-08-15 02:04:42,462 - INFO - services.orthanc_client - Fetching tags for instance ID: 1a430a89-16db2731-8ef19e46-c238c4d3-709cb35d
2025-08-15 02:04:42,474 - INFO - services.orthanc_client - Fetched tags for instance 1a430a89-16db2731-8ef19e46-c238c4d3-709cb35d from Orthanc
2025-08-15 02:04:42,475 - INFO - api.upload - Retrieved tags from Orthanc for instance 1a430a89-16db2731-8ef19e46-c238c4d3-709cb35d
2025-08-15 02:04:42,476 - INFO - api.upload - Extracted Patient ID: 123-45-6789, Study Date: 19940323
2025-08-15 02:04:42,493 - WARNING - api.upload - Duplicate instance ID found: 1a430a89-16db2731-8ef19e46-c238c4d3-709cb35d. Skipping insert.
2025-08-15 02:04:42,528 - INFO - api.infer - [EF] infer_ef called with instance_id=None study_uid=999.999.3859744
2025-08-15 02:04:42,531 - INFO - api.infer - [EF] Resolving Orthanc study for StudyInstanceUID=999.999.3859744
2025-08-15 02:04:42,579 - INFO - api.infer - [EF] Found 1 instance(s) in the study
2025-08-15 02:04:42,580 - INFO - api.infer - [EF] Using instance_id=1a430a89-16db2731-8ef19e46-c238c4d3-709cb35d from study
2025-08-15 02:04:42,581 - INFO - api.infer - [EF] Picking frames from instance 1a430a89-16db2731-8ef19e46-c238c4d3-709cb35d
2025-08-15 02:04:42,592 - INFO - api.infer - [EF] Instance has 1 frame(s)
2025-08-15 02:04:43,338 - INFO - api.infer - [EF] Collected 16 frame(s)
2025-08-15 02:04:43,339 - INFO - api.infer - [EF] Stacking frames into tensor and ImageNet-normalizing
2025-08-15 02:04:43,402 - INFO - api.infer - [EF] Tensor shape: (1, 3, 16, 224, 224) dtype=torch.float32
2025-08-15 02:04:43,403 - INFO - api.infer - [EF] Loading PanEcho model on device: cpu
2025-08-15 02:04:48,387 - ERROR - api.infer - [EF] Failed to load PanEcho via torch.hub: No module named 'timm'
2025-08-15 02:04:48,388 - ERROR - api.infer - [EF] EF inference failed: ModuleNotFoundError: No module named 'timm'
Traceback (most recent call last):
  File "C:\Users\neuma\OneDrive\Documents\GitHub\Echocardiology_App\backend\api\infer.py", line 121, in infer_ef
    model, device = get_model_and_device()
                    ^^^^^^^^^^^^^^^^^^^^^^
  File "C:\Users\neuma\OneDrive\Documents\GitHub\Echocardiology_App\backend\api\infer.py", line 90, in get_model_and_device
    _model = torch.hub.load(
             ^^^^^^^^^^^^^^^
  File "C:\Users\neuma\OneDrive\Documents\GitHub\Echocardiology_App\backend\venv\Lib\site-packages\torch\hub.py", line 647, in load
    model = _load_local(repo_or_dir, model, *args, **kwargs)
            ^^^^^^^^^^^^^^^^^^^^^^^^^^^^^^^^^^^^^^^^^^^^^^^^
  File "C:\Users\neuma\OneDrive\Documents\GitHub\Echocardiology_App\backend\venv\Lib\site-packages\torch\hub.py", line 677, in _load_local
    hub_module = _import_module(MODULE_HUBCONF, hubconf_path)
                 ^^^^^^^^^^^^^^^^^^^^^^^^^^^^^^^^^^^^^^^^^^^^
  File "C:\Users\neuma\OneDrive\Documents\GitHub\Echocardiology_App\backend\venv\Lib\site-packages\torch\hub.py", line 115, in _import_module
    spec.loader.exec_module(module)
  File "<frozen importlib._bootstrap_external>", line 940, in exec_module
  File "<frozen importlib._bootstrap>", line 241, in _call_with_frames_removed
  File "C:\Users\neuma/.cache\torch\hub\CarDS-Yale_PanEcho_main\hubconf.py", line 7, in <module>
    from src.models import FrameTransformer, MultiTaskModel
  File "C:\Users\neuma/.cache\torch\hub\CarDS-Yale_PanEcho_main\src\models.py", line 3, in <module>
    import timm
ModuleNotFoundError: No module named 'timm'
2025-08-15 03:08:09,677 - INFO - api.upload - File saved locally at uploads\20250815030809_0020.DCM
2025-08-15 03:08:09,679 - INFO - services.orthanc_client - Sending DICOM file to Orthanc: uploads\20250815030809_0020.DCM
2025-08-15 03:08:09,785 - INFO - services.orthanc_client - Orthanc returned instance ID: 1a430a89-16db2731-8ef19e46-c238c4d3-709cb35d
2025-08-15 03:08:09,786 - INFO - api.upload - File uploaded to Orthanc. Instance ID: 1a430a89-16db2731-8ef19e46-c238c4d3-709cb35d
2025-08-15 03:08:09,786 - INFO - services.orthanc_client - Fetching tags for instance ID: 1a430a89-16db2731-8ef19e46-c238c4d3-709cb35d
2025-08-15 03:08:09,809 - INFO - services.orthanc_client - Fetched tags for instance 1a430a89-16db2731-8ef19e46-c238c4d3-709cb35d from Orthanc
2025-08-15 03:08:09,811 - INFO - api.upload - Retrieved tags from Orthanc for instance 1a430a89-16db2731-8ef19e46-c238c4d3-709cb35d
2025-08-15 03:08:09,812 - INFO - api.upload - Extracted Patient ID: 123-45-6789, Study Date: 19940323
2025-08-15 03:08:09,829 - WARNING - api.upload - Duplicate instance ID found: 1a430a89-16db2731-8ef19e46-c238c4d3-709cb35d. Skipping insert.
2025-08-15 03:08:09,874 - INFO - api.infer - [EF] infer_ef called with instance_id=None study_uid=999.999.3859744
2025-08-15 03:08:09,875 - INFO - api.infer - [EF] Resolving Orthanc study for StudyInstanceUID=999.999.3859744
2025-08-15 03:08:09,960 - INFO - api.infer - [EF] Found 1 instance(s) in the study
2025-08-15 03:08:09,961 - INFO - api.infer - [EF] Using instance_id=1a430a89-16db2731-8ef19e46-c238c4d3-709cb35d from study
2025-08-15 03:08:09,962 - INFO - api.infer - [EF] Picking frames from instance 1a430a89-16db2731-8ef19e46-c238c4d3-709cb35d
2025-08-15 03:08:09,976 - INFO - api.infer - [EF] Instance has 1 frame(s)
2025-08-15 03:08:10,847 - INFO - api.infer - [EF] Collected 16 frame(s)
2025-08-15 03:08:10,848 - INFO - api.infer - [EF] Stacking frames into tensor and ImageNet-normalizing
2025-08-15 03:08:10,945 - INFO - api.infer - [EF] Tensor shape: (1, 3, 16, 224, 224) dtype=torch.float32
2025-08-15 03:08:10,945 - INFO - api.infer - [EF] Loading PanEcho model on device: cpu
2025-08-15 03:10:18,368 - INFO - api.infer - [EF] PanEcho model loaded successfully
2025-08-15 03:10:18,369 - INFO - api.infer - [EF] Running inference on device=cpu with input dtype=torch.float32
2025-08-15 03:10:19,454 - INFO - api.infer - [EF] EF prediction: 58.0305290222168
